This is pdfTeX, Version 3.1415926-2.3-1.40.12 (MiKTeX 2.9) (preloaded format=pdflatex 2016.5.19)  3 JAN 2018 14:40
entering extended mode
**s3.tex

("C:\Users\reader\Desktop\research\research note\report\reading report\report\s
ection\section3\s3.tex"
LaTeX2e <2011/06/27>
Babel <v3.8m> and hyphenation patterns for loaded.
! Undefined control sequence.
l.1 \section
            {动力学临界涨落}
? 
! Emergency stop.
l.1 \section
            {动力学临界涨落}
End of file on the terminal!

 
Here is how much of TeX's memory you used:
 7 strings out of 495354
 341 string characters out of 3183075
 44842 words of memory out of 3000000
 3276 multiletter control sequences out of 15000+200000
 3640 words of font info for 14 fonts, out of 3000000 for 9000
 14 hyphenation exceptions out of 8191
 5i,0n,1p,41b,8s stack positions out of 5000i,500n,10000p,200000b,50000s
!  ==> Fatal error occurred, no output PDF file produced!